app/build/intermediates/manifest_merge_blame_file/debug/processDebugMainManifest/manifest-merger-blame-debug-report.txt
1<?xml version="1.0" encoding="utf-8"?>
2<manifest xmlns:android="http://schemas.android.com/apk/res/android"
3    package="com.iqra.chinese"
4    android:versionCode="1"
5    android:versionName="1.0" >
6
7    <uses-sdk
8        android:minSdkVersion="26"
9        android:targetSdkVersion="34" />
10
11    <uses-permission android:name="android.permission.RECEIVE_BOOT_COMPLETED" />
11-->src\main\AndroidManifest.xml:3:5-80
11-->src\main\AndroidManifest.xml:3:22-78
12    <uses-permission android:name="android.permission.VIBRATE" />
12-->src\main\AndroidManifest.xml:4:5-65
12-->src\main\AndroidManifest.xml:4:22-63
13    <uses-permission android:name="android.permission.POST_NOTIFICATIONS" />
13-->src\main\AndroidManifest.xml:5:5-76
13-->src\main\AndroidManifest.xml:5:22-74
14    <uses-permission android:name="android.permission.SCHEDULE_EXACT_ALARM" />
14-->src\main\AndroidManifest.xml:6:5-78
14-->src\main\AndroidManifest.xml:6:22-76
15    <uses-permission android:name="android.permission.USE_EXACT_ALARM" />
15-->src\main\AndroidManifest.xml:7:5-73
15-->src\main\AndroidManifest.xml:7:22-71
16    <uses-permission android:name="android.permission.INTERNET" />
16-->src\main\AndroidManifest.xml:8:5-66
16-->src\main\AndroidManifest.xml:8:22-64
17    <uses-permission android:name="android.permission.ACCESS_NETWORK_STATE" />
17-->src\main\AndroidManifest.xml:9:5-78
17-->src\main\AndroidManifest.xml:9:22-76
18    <uses-permission android:name="android.permission.WAKE_LOCK" />
18-->src\main\AndroidManifest.xml:10:5-67
18-->src\main\AndroidManifest.xml:10:22-65
19    <uses-permission android:name="android.permission.USE_FULL_SCREEN_INTENT" />
19-->src\main\AndroidManifest.xml:11:5-80
19-->src\main\AndroidManifest.xml:11:22-78
20    <uses-permission android:name="android.permission.FOREGROUND_SERVICE" />
20-->src\main\AndroidManifest.xml:12:5-76
20-->src\main\AndroidManifest.xml:12:22-74
21    <uses-permission android:name="android.permission.FOREGROUND_SERVICE_SPECIAL_USE" />
21-->src\main\AndroidManifest.xml:13:5-88
21-->src\main\AndroidManifest.xml:13:22-86
22    <uses-permission android:name="com.google.android.gms.permission.AD_ID" />
22-->[com.google.android.gms:play-services-measurement-api:21.5.1] AndroidManifest.xml:25:5-79
22-->[com.google.android.gms:play-services-measurement-api:21.5.1] AndroidManifest.xml:25:22-76
23    <uses-permission android:name="android.permission.ACCESS_ADSERVICES_ATTRIBUTION" />
23-->[com.google.android.gms:play-services-measurement-api:21.5.1] AndroidManifest.xml:26:5-88
23-->[com.google.android.gms:play-services-measurement-api:21.5.1] AndroidManifest.xml:26:22-85
24    <uses-permission android:name="android.permission.ACCESS_ADSERVICES_AD_ID" />
24-->[com.google.android.gms:play-services-measurement-api:21.5.1] AndroidManifest.xml:27:5-82
24-->[com.google.android.gms:play-services-measurement-api:21.5.1] AndroidManifest.xml:27:22-79
25    <uses-permission android:name="com.google.android.providers.gsf.permission.READ_GSERVICES" />
25-->[com.google.android.recaptcha:recaptcha:18.4.0] AndroidManifest.xml:9:5-98
25-->[com.google.android.recaptcha:recaptcha:18.4.0] AndroidManifest.xml:9:22-95
26    <uses-permission android:name="com.google.android.finsky.permission.BIND_GET_INSTALL_REFERRER_SERVICE" />
26-->[com.google.android.gms:play-services-measurement:21.5.1] AndroidManifest.xml:26:5-110
26-->[com.google.android.gms:play-services-measurement:21.5.1] AndroidManifest.xml:26:22-107
27
28    <permission
28-->[androidx.core:core:1.12.0] AndroidManifest.xml:22:5-24:47
29        android:name="com.iqra.chinese.DYNAMIC_RECEIVER_NOT_EXPORTED_PERMISSION"
29-->[androidx.core:core:1.12.0] AndroidManifest.xml:23:9-81
30        android:protectionLevel="signature" />
30-->[androidx.core:core:1.12.0] AndroidManifest.xml:24:9-44
31
32    <uses-permission android:name="com.iqra.chinese.DYNAMIC_RECEIVER_NOT_EXPORTED_PERMISSION" />
32-->[androidx.core:core:1.12.0] AndroidManifest.xml:26:5-97
32-->[androidx.core:core:1.12.0] AndroidManifest.xml:26:22-94
33
34    <application
34-->src\main\AndroidManifest.xml:15:5-64:19
35        android:allowBackup="true"
35-->src\main\AndroidManifest.xml:16:9-35
36        android:appComponentFactory="androidx.core.app.CoreComponentFactory"
36-->[androidx.core:core:1.12.0] AndroidManifest.xml:28:18-86
37        android:debuggable="true"
38        android:extractNativeLibs="false"
39        android:icon="@mipmap/ic_launcher"
39-->src\main\AndroidManifest.xml:17:9-43
40        android:label="@string/app_name"
40-->src\main\AndroidManifest.xml:19:9-41
41        android:roundIcon="@mipmap/ic_launcher_round"
41-->src\main\AndroidManifest.xml:18:9-54
42        android:supportsRtl="true"
42-->src\main\AndroidManifest.xml:20:9-35
43        android:testOnly="true"
44        android:theme="@style/AppTheme" >
44-->src\main\AndroidManifest.xml:21:9-40
45        <activity
45-->src\main\AndroidManifest.xml:23:9-32:20
46            android:name="com.iqra.chinese.MainActivity"
46-->src\main\AndroidManifest.xml:24:13-41
47            android:exported="true"
47-->src\main\AndroidManifest.xml:25:13-36
48            android:screenOrientation="portrait"
48-->src\main\AndroidManifest.xml:26:13-49
49            android:windowSoftInputMode="adjustResize" >
49-->src\main\AndroidManifest.xml:27:13-55
50            <intent-filter>
50-->src\main\AndroidManifest.xml:28:13-31:29
51                <action android:name="android.intent.action.MAIN" />
51-->src\main\AndroidManifest.xml:29:17-68
51-->src\main\AndroidManifest.xml:29:25-66
52
53                <category android:name="android.intent.category.LAUNCHER" />
53-->src\main\AndroidManifest.xml:30:17-76
53-->src\main\AndroidManifest.xml:30:27-74
54            </intent-filter>
55        </activity>
56
57        <!-- Full-screen alarm activity — shown over lock screen -->
58        <activity
58-->src\main\AndroidManifest.xml:35:9-43:48
59            android:name="com.iqra.chinese.alarm.AlarmActivity"
59-->src\main\AndroidManifest.xml:36:13-48
60            android:excludeFromRecents="true"
60-->src\main\AndroidManifest.xml:41:13-46
61            android:exported="false"
61-->src\main\AndroidManifest.xml:37:13-37
62            android:screenOrientation="portrait"
62-->src\main\AndroidManifest.xml:40:13-49
63            android:showOnLockScreen="true"
63-->src\main\AndroidManifest.xml:38:13-44
64            android:taskAffinity=""
64-->src\main\AndroidManifest.xml:42:13-36
65            android:theme="@style/AlarmTheme"
65-->src\main\AndroidManifest.xml:43:13-46
66            android:turnScreenOn="true" />
66-->src\main\AndroidManifest.xml:39:13-40
67
68        <!-- Foreground service that plays the alarm sound -->
69        <service
69-->src\main\AndroidManifest.xml:46:9-49:57
70            android:name="com.iqra.chinese.alarm.AlarmSoundService"
70-->src\main\AndroidManifest.xml:47:13-52
71            android:exported="false"
71-->src\main\AndroidManifest.xml:48:13-37
72            android:foregroundServiceType="specialUse" />
72-->src\main\AndroidManifest.xml:49:13-55
73
74        <receiver
74-->src\main\AndroidManifest.xml:51:9-58:20
75            android:name="com.iqra.chinese.alarm.AlarmReceiver"
75-->src\main\AndroidManifest.xml:52:13-48
76            android:exported="true" >
76-->src\main\AndroidManifest.xml:53:13-36
77            <intent-filter>
77-->src\main\AndroidManifest.xml:54:13-57:29
78                <action android:name="android.intent.action.BOOT_COMPLETED" />
78-->src\main\AndroidManifest.xml:55:17-78
78-->src\main\AndroidManifest.xml:55:25-76
79                <action android:name="com.iqra.chinese.STUDY_ALARM" />
79-->src\main\AndroidManifest.xml:56:17-70
79-->src\main\AndroidManifest.xml:56:25-68
80            </intent-filter>
81        </receiver>
82        <receiver
82-->src\main\AndroidManifest.xml:59:9-63:20
83            android:name="com.iqra.chinese.alarm.SnoozeReceiver"
83-->src\main\AndroidManifest.xml:59:19-55
84            android:exported="false" >
84-->src\main\AndroidManifest.xml:59:56-80
85            <intent-filter>
85-->src\main\AndroidManifest.xml:60:13-62:29
86                <action android:name="com.iqra.chinese.SNOOZE" />
86-->src\main\AndroidManifest.xml:61:17-65
86-->src\main\AndroidManifest.xml:61:25-63
87            </intent-filter>
88        </receiver>
89
90        <provider
90-->[androidx.emoji2:emoji2:1.2.0] AndroidManifest.xml:24:9-32:20
91            android:name="androidx.startup.InitializationProvider"
91-->[androidx.emoji2:emoji2:1.2.0] AndroidManifest.xml:25:13-67
92            android:authorities="com.iqra.chinese.androidx-startup"
92-->[androidx.emoji2:emoji2:1.2.0] AndroidManifest.xml:26:13-68
93            android:exported="false" >
93-->[androidx.emoji2:emoji2:1.2.0] AndroidManifest.xml:27:13-37
94            <meta-data
94-->[androidx.emoji2:emoji2:1.2.0] AndroidManifest.xml:29:13-31:52
95                android:name="androidx.emoji2.text.EmojiCompatInitializer"
95-->[androidx.emoji2:emoji2:1.2.0] AndroidManifest.xml:30:17-75
96                android:value="androidx.startup" />
96-->[androidx.emoji2:emoji2:1.2.0] AndroidManifest.xml:31:17-49
97            <meta-data
97-->[androidx.lifecycle:lifecycle-process:2.7.0] AndroidManifest.xml:29:13-31:52
98                android:name="androidx.lifecycle.ProcessLifecycleInitializer"
98-->[androidx.lifecycle:lifecycle-process:2.7.0] AndroidManifest.xml:30:17-78
99                android:value="androidx.startup" />
99-->[androidx.lifecycle:lifecycle-process:2.7.0] AndroidManifest.xml:31:17-49
100            <meta-data
100-->[androidx.profileinstaller:profileinstaller:1.3.1] AndroidManifest.xml:29:13-31:52
101                android:name="androidx.profileinstaller.ProfileInstallerInitializer"
101-->[androidx.profileinstaller:profileinstaller:1.3.1] AndroidManifest.xml:30:17-85
102                android:value="androidx.startup" />
102-->[androidx.profileinstaller:profileinstaller:1.3.1] AndroidManifest.xml:31:17-49
103        </provider>
104
105        <service
105-->[androidx.credentials:credentials-play-services-auth:1.3.0-beta01] AndroidManifest.xml:24:9-32:19
106            android:name="androidx.credentials.playservices.CredentialProviderMetadataHolder"
106-->[androidx.credentials:credentials-play-services-auth:1.3.0-beta01] AndroidManifest.xml:25:13-94
107            android:enabled="true"
107-->[androidx.credentials:credentials-play-services-auth:1.3.0-beta01] AndroidManifest.xml:26:13-35
108            android:exported="false" >
108-->[androidx.credentials:credentials-play-services-auth:1.3.0-beta01] AndroidManifest.xml:27:13-37
109            <meta-data
109-->[androidx.credentials:credentials-play-services-auth:1.3.0-beta01] AndroidManifest.xml:29:13-31:104
110                android:name="androidx.credentials.CREDENTIAL_PROVIDER_KEY"
110-->[androidx.credentials:credentials-play-services-auth:1.3.0-beta01] AndroidManifest.xml:30:17-76
111                android:value="androidx.credentials.playservices.CredentialProviderPlayServicesImpl" />
111-->[androidx.credentials:credentials-play-services-auth:1.3.0-beta01] AndroidManifest.xml:31:17-101
112        </service>
113
114        <activity
114-->[androidx.credentials:credentials-play-services-auth:1.3.0-beta01] AndroidManifest.xml:34:9-41:20
115            android:name="androidx.credentials.playservices.HiddenActivity"
115-->[androidx.credentials:credentials-play-services-auth:1.3.0-beta01] AndroidManifest.xml:35:13-76
116            android:configChanges="orientation|screenSize|screenLayout|keyboardHidden"
116-->[androidx.credentials:credentials-play-services-auth:1.3.0-beta01] AndroidManifest.xml:36:13-87
117            android:enabled="true"
117-->[androidx.credentials:credentials-play-services-auth:1.3.0-beta01] AndroidManifest.xml:37:13-35
118            android:exported="false"
118-->[androidx.credentials:credentials-play-services-auth:1.3.0-beta01] AndroidManifest.xml:38:13-37
119            android:fitsSystemWindows="true"
119-->[androidx.credentials:credentials-play-services-auth:1.3.0-beta01] AndroidManifest.xml:39:13-45
120            android:theme="@style/Theme.Hidden" >
120-->[androidx.credentials:credentials-play-services-auth:1.3.0-beta01] AndroidManifest.xml:40:13-48
121        </activity>
122        <activity
122-->[com.google.android.gms:play-services-auth:21.2.0] AndroidManifest.xml:23:9-27:75
123            android:name="com.google.android.gms.auth.api.signin.internal.SignInHubActivity"
123-->[com.google.android.gms:play-services-auth:21.2.0] AndroidManifest.xml:24:13-93
124            android:excludeFromRecents="true"
124-->[com.google.android.gms:play-services-auth:21.2.0] AndroidManifest.xml:25:13-46
125            android:exported="false"
125-->[com.google.android.gms:play-services-auth:21.2.0] AndroidManifest.xml:26:13-37
126            android:theme="@android:style/Theme.Translucent.NoTitleBar" />
126-->[com.google.android.gms:play-services-auth:21.2.0] AndroidManifest.xml:27:13-72
127        <!--
128            Service handling Google Sign-In user revocation. For apps that do not integrate with
129            Google Sign-In, this service will never be started.
130        -->
131        <service
131-->[com.google.android.gms:play-services-auth:21.2.0] AndroidManifest.xml:33:9-37:51
132            android:name="com.google.android.gms.auth.api.signin.RevocationBoundService"
132-->[com.google.android.gms:play-services-auth:21.2.0] AndroidManifest.xml:34:13-89
133            android:exported="true"
133-->[com.google.android.gms:play-services-auth:21.2.0] AndroidManifest.xml:35:13-36
134            android:permission="com.google.android.gms.auth.api.signin.permission.REVOCATION_NOTIFICATION"
134-->[com.google.android.gms:play-services-auth:21.2.0] AndroidManifest.xml:36:13-107
135            android:visibleToInstantApps="true" />
135-->[com.google.android.gms:play-services-auth:21.2.0] AndroidManifest.xml:37:13-48
136        <service
136-->[com.google.firebase:firebase-auth-ktx:22.3.1] AndroidManifest.xml:8:9-14:19
137            android:name="com.google.firebase.components.ComponentDiscoveryService"
137-->[com.google.firebase:firebase-auth-ktx:22.3.1] AndroidManifest.xml:9:13-84
138            android:directBootAware="true"
138-->[com.google.firebase:firebase-common:20.4.2] AndroidManifest.xml:32:13-43
139            android:exported="false" >
139-->[com.google.firebase:firebase-auth-ktx:22.3.1] AndroidManifest.xml:10:13-37
140            <meta-data
140-->[com.google.firebase:firebase-auth-ktx:22.3.1] AndroidManifest.xml:11:13-13:85
141                android:name="com.google.firebase.components:com.google.firebase.auth.ktx.FirebaseAuthLegacyRegistrar"
141-->[com.google.firebase:firebase-auth-ktx:22.3.1] AndroidManifest.xml:12:17-119
142                android:value="com.google.firebase.components.ComponentRegistrar" />
142-->[com.google.firebase:firebase-auth-ktx:22.3.1] AndroidManifest.xml:13:17-82
143            <meta-data
143-->[com.google.firebase:firebase-auth:22.3.1] AndroidManifest.xml:69:13-71:85
144                android:name="com.google.firebase.components:com.google.firebase.auth.FirebaseAuthRegistrar"
144-->[com.google.firebase:firebase-auth:22.3.1] AndroidManifest.xml:70:17-109
145                android:value="com.google.firebase.components.ComponentRegistrar" />
145-->[com.google.firebase:firebase-auth:22.3.1] AndroidManifest.xml:71:17-82
146            <meta-data
146-->[com.google.firebase:firebase-database-ktx:20.3.1] AndroidManifest.xml:12:13-14:85
147                android:name="com.google.firebase.components:com.google.firebase.database.ktx.FirebaseDatabaseLegacyRegistrar"
147-->[com.google.firebase:firebase-database-ktx:20.3.1] AndroidManifest.xml:13:17-127
148                android:value="com.google.firebase.components.ComponentRegistrar" />
148-->[com.google.firebase:firebase-database-ktx:20.3.1] AndroidManifest.xml:14:17-82
149            <meta-data
149-->[com.google.firebase:firebase-database:20.3.1] AndroidManifest.xml:29:13-31:85
150                android:name="com.google.firebase.components:com.google.firebase.database.FirebaseDatabaseKtxRegistrar"
150-->[com.google.firebase:firebase-database:20.3.1] AndroidManifest.xml:30:17-120
151                android:value="com.google.firebase.components.ComponentRegistrar" />
151-->[com.google.firebase:firebase-database:20.3.1] AndroidManifest.xml:31:17-82
152            <meta-data
152-->[com.google.firebase:firebase-database:20.3.1] AndroidManifest.xml:32:13-34:85
153                android:name="com.google.firebase.components:com.google.firebase.database.DatabaseRegistrar"
153-->[com.google.firebase:firebase-database:20.3.1] AndroidManifest.xml:33:17-109
154                android:value="com.google.firebase.components.ComponentRegistrar" />
154-->[com.google.firebase:firebase-database:20.3.1] AndroidManifest.xml:34:17-82
155            <meta-data
155-->[com.google.firebase:firebase-analytics-ktx:21.5.1] AndroidManifest.xml:11:13-13:85
156                android:name="com.google.firebase.components:com.google.firebase.analytics.ktx.FirebaseAnalyticsLegacyRegistrar"
156-->[com.google.firebase:firebase-analytics-ktx:21.5.1] AndroidManifest.xml:12:17-129
157                android:value="com.google.firebase.components.ComponentRegistrar" />
157-->[com.google.firebase:firebase-analytics-ktx:21.5.1] AndroidManifest.xml:13:17-82
158            <meta-data
158-->[com.google.android.gms:play-services-measurement-api:21.5.1] AndroidManifest.xml:37:13-39:85
159                android:name="com.google.firebase.components:com.google.firebase.analytics.connector.internal.AnalyticsConnectorRegistrar"
159-->[com.google.android.gms:play-services-measurement-api:21.5.1] AndroidManifest.xml:38:17-139
160                android:value="com.google.firebase.components.ComponentRegistrar" />
160-->[com.google.android.gms:play-services-measurement-api:21.5.1] AndroidManifest.xml:39:17-82
161            <meta-data
161-->[com.google.firebase:firebase-installations:17.2.0] AndroidManifest.xml:15:13-17:85
162                android:name="com.google.firebase.components:com.google.firebase.installations.FirebaseInstallationsKtxRegistrar"
162-->[com.google.firebase:firebase-installations:17.2.0] AndroidManifest.xml:16:17-130
163                android:value="com.google.firebase.components.ComponentRegistrar" />
163-->[com.google.firebase:firebase-installations:17.2.0] AndroidManifest.xml:17:17-82
164            <meta-data
164-->[com.google.firebase:firebase-installations:17.2.0] AndroidManifest.xml:18:13-20:85
165                android:name="com.google.firebase.components:com.google.firebase.installations.FirebaseInstallationsRegistrar"
165-->[com.google.firebase:firebase-installations:17.2.0] AndroidManifest.xml:19:17-127
166                android:value="com.google.firebase.components.ComponentRegistrar" />
166-->[com.google.firebase:firebase-installations:17.2.0] AndroidManifest.xml:20:17-82
167            <meta-data
167-->[com.google.firebase:firebase-common-ktx:20.4.2] AndroidManifest.xml:12:13-14:85
168                android:name="com.google.firebase.components:com.google.firebase.ktx.FirebaseCommonLegacyRegistrar"
168-->[com.google.firebase:firebase-common-ktx:20.4.2] AndroidManifest.xml:13:17-116
169                android:value="com.google.firebase.components.ComponentRegistrar" />
169-->[com.google.firebase:firebase-common-ktx:20.4.2] AndroidManifest.xml:14:17-82
170            <meta-data
170-->[com.google.firebase:firebase-common:20.4.2] AndroidManifest.xml:35:13-37:85
171                android:name="com.google.firebase.components:com.google.firebase.FirebaseCommonKtxRegistrar"
171-->[com.google.firebase:firebase-common:20.4.2] AndroidManifest.xml:36:17-109
172                android:value="com.google.firebase.components.ComponentRegistrar" />
172-->[com.google.firebase:firebase-common:20.4.2] AndroidManifest.xml:37:17-82
173        </service>
174
175        <activity
175-->[com.google.firebase:firebase-auth:22.3.1] AndroidManifest.xml:29:9-46:20
176            android:name="com.google.firebase.auth.internal.GenericIdpActivity"
176-->[com.google.firebase:firebase-auth:22.3.1] AndroidManifest.xml:30:13-80
177            android:excludeFromRecents="true"
177-->[com.google.firebase:firebase-auth:22.3.1] AndroidManifest.xml:31:13-46
178            android:exported="true"
178-->[com.google.firebase:firebase-auth:22.3.1] AndroidManifest.xml:32:13-36
179            android:launchMode="singleTask"
179-->[com.google.firebase:firebase-auth:22.3.1] AndroidManifest.xml:33:13-44
180            android:theme="@android:style/Theme.Translucent.NoTitleBar" >
180-->[com.google.firebase:firebase-auth:22.3.1] AndroidManifest.xml:34:13-72
181            <intent-filter>
181-->[com.google.firebase:firebase-auth:22.3.1] AndroidManifest.xml:35:13-45:29
182                <action android:name="android.intent.action.VIEW" />
182-->[com.google.firebase:firebase-auth:22.3.1] AndroidManifest.xml:36:17-69
182-->[com.google.firebase:firebase-auth:22.3.1] AndroidManifest.xml:36:25-66
183
184                <category android:name="android.intent.category.DEFAULT" />
184-->[com.google.firebase:firebase-auth:22.3.1] AndroidManifest.xml:38:17-76
184-->[com.google.firebase:firebase-auth:22.3.1] AndroidManifest.xml:38:27-73
185                <category android:name="android.intent.category.BROWSABLE" />
185-->[com.google.firebase:firebase-auth:22.3.1] AndroidManifest.xml:39:17-78
185-->[com.google.firebase:firebase-auth:22.3.1] AndroidManifest.xml:39:27-75
186
187                <data
187-->[com.google.firebase:firebase-auth:22.3.1] AndroidManifest.xml:41:17-44:51
188                    android:host="firebase.auth"
188-->[com.google.firebase:firebase-auth:22.3.1] AndroidManifest.xml:42:21-49
189                    android:path="/"
189-->[com.google.firebase:firebase-auth:22.3.1] AndroidManifest.xml:43:21-37
190                    android:scheme="genericidp" />
190-->[com.google.firebase:firebase-auth:22.3.1] AndroidManifest.xml:44:21-48
191            </intent-filter>
192        </activity>
193        <activity
193-->[com.google.firebase:firebase-auth:22.3.1] AndroidManifest.xml:47:9-64:20
194            android:name="com.google.firebase.auth.internal.RecaptchaActivity"
194-->[com.google.firebase:firebase-auth:22.3.1] AndroidManifest.xml:48:13-79
195            android:excludeFromRecents="true"
195-->[com.google.firebase:firebase-auth:22.3.1] AndroidManifest.xml:49:13-46
196            android:exported="true"
196-->[com.google.firebase:firebase-auth:22.3.1] AndroidManifest.xml:50:13-36
197            android:launchMode="singleTask"
197-->[com.google.firebase:firebase-auth:22.3.1] AndroidManifest.xml:51:13-44
198            android:theme="@android:style/Theme.Translucent.NoTitleBar" >
198-->[com.google.firebase:firebase-auth:22.3.1] AndroidManifest.xml:52:13-72
199            <intent-filter>
199-->[com.google.firebase:firebase-auth:22.3.1] AndroidManifest.xml:53:13-63:29
200                <action android:name="android.intent.action.VIEW" />
200-->[com.google.firebase:firebase-auth:22.3.1] AndroidManifest.xml:36:17-69
200-->[com.google.firebase:firebase-auth:22.3.1] AndroidManifest.xml:36:25-66
201
202                <category android:name="android.intent.category.DEFAULT" />
202-->[com.google.firebase:firebase-auth:22.3.1] AndroidManifest.xml:38:17-76
202-->[com.google.firebase:firebase-auth:22.3.1] AndroidManifest.xml:38:27-73
203                <category android:name="android.intent.category.BROWSABLE" />
203-->[com.google.firebase:firebase-auth:22.3.1] AndroidManifest.xml:39:17-78
203-->[com.google.firebase:firebase-auth:22.3.1] AndroidManifest.xml:39:27-75
204
205                <data
205-->[com.google.firebase:firebase-auth:22.3.1] AndroidManifest.xml:41:17-44:51
206                    android:host="firebase.auth"
206-->[com.google.firebase:firebase-auth:22.3.1] AndroidManifest.xml:42:21-49
207                    android:path="/"
207-->[com.google.firebase:firebase-auth:22.3.1] AndroidManifest.xml:43:21-37
208                    android:scheme="recaptcha" />
208-->[com.google.firebase:firebase-auth:22.3.1] AndroidManifest.xml:44:21-48
209            </intent-filter>
210        </activity>
211        <activity
211-->[com.google.android.gms:play-services-base:18.3.0] AndroidManifest.xml:20:9-22:45
212            android:name="com.google.android.gms.common.api.GoogleApiActivity"
212-->[com.google.android.gms:play-services-base:18.3.0] AndroidManifest.xml:20:19-85
213            android:exported="false"
213-->[com.google.android.gms:play-services-base:18.3.0] AndroidManifest.xml:22:19-43
214            android:theme="@android:style/Theme.Translucent.NoTitleBar" />
214-->[com.google.android.gms:play-services-base:18.3.0] AndroidManifest.xml:21:19-78
215
216        <property
216-->[com.google.android.gms:play-services-measurement-api:21.5.1] AndroidManifest.xml:30:9-32:61
217            android:name="android.adservices.AD_SERVICES_CONFIG"
217-->[com.google.android.gms:play-services-measurement-api:21.5.1] AndroidManifest.xml:31:13-65
218            android:resource="@xml/ga_ad_services_config" />
218-->[com.google.android.gms:play-services-measurement-api:21.5.1] AndroidManifest.xml:32:13-58
219
220        <provider
220-->[com.google.firebase:firebase-common:20.4.2] AndroidManifest.xml:23:9-28:39
221            android:name="com.google.firebase.provider.FirebaseInitProvider"
221-->[com.google.firebase:firebase-common:20.4.2] AndroidManifest.xml:24:13-77
222            android:authorities="com.iqra.chinese.firebaseinitprovider"
222-->[com.google.firebase:firebase-common:20.4.2] AndroidManifest.xml:25:13-72
223            android:directBootAware="true"
223-->[com.google.firebase:firebase-common:20.4.2] AndroidManifest.xml:26:13-43
224            android:exported="false"
224-->[com.google.firebase:firebase-common:20.4.2] AndroidManifest.xml:27:13-37
225            android:initOrder="100" />
225-->[com.google.firebase:firebase-common:20.4.2] AndroidManifest.xml:28:13-36
226
227        <receiver
227-->[com.google.android.gms:play-services-measurement:21.5.1] AndroidManifest.xml:29:9-33:20
228            android:name="com.google.android.gms.measurement.AppMeasurementReceiver"
228-->[com.google.android.gms:play-services-measurement:21.5.1] AndroidManifest.xml:30:13-85
229            android:enabled="true"
229-->[com.google.android.gms:play-services-measurement:21.5.1] AndroidManifest.xml:31:13-35
230            android:exported="false" >
230-->[com.google.android.gms:play-services-measurement:21.5.1] AndroidManifest.xml:32:13-37
231        </receiver>
232
233        <service
233-->[com.google.android.gms:play-services-measurement:21.5.1] AndroidManifest.xml:35:9-38:40
234            android:name="com.google.android.gms.measurement.AppMeasurementService"
234-->[com.google.android.gms:play-services-measurement:21.5.1] AndroidManifest.xml:36:13-84
235            android:enabled="true"
235-->[com.google.android.gms:play-services-measurement:21.5.1] AndroidManifest.xml:37:13-35
236            android:exported="false" />
236-->[com.google.android.gms:play-services-measurement:21.5.1] AndroidManifest.xml:38:13-37
237        <service
237-->[com.google.android.gms:play-services-measurement:21.5.1] AndroidManifest.xml:39:9-43:72
238            android:name="com.google.android.gms.measurement.AppMeasurementJobService"
238-->[com.google.android.gms:play-services-measurement:21.5.1] AndroidManifest.xml:40:13-87
239            android:enabled="true"
239-->[com.google.android.gms:play-services-measurement:21.5.1] AndroidManifest.xml:41:13-35
240            android:exported="false"
240-->[com.google.android.gms:play-services-measurement:21.5.1] AndroidManifest.xml:42:13-37
241            android:permission="android.permission.BIND_JOB_SERVICE" />
241-->[com.google.android.gms:play-services-measurement:21.5.1] AndroidManifest.xml:43:13-69
242        <service
242-->[androidx.room:room-runtime:2.6.1] AndroidManifest.xml:24:9-28:63
243            android:name="androidx.room.MultiInstanceInvalidationService"
243-->[androidx.room:room-runtime:2.6.1] AndroidManifest.xml:25:13-74
244            android:directBootAware="true"
244-->[androidx.room:room-runtime:2.6.1] AndroidManifest.xml:26:13-43
245            android:exported="false" />
245-->[androidx.room:room-runtime:2.6.1] AndroidManifest.xml:27:13-37
246
247        <uses-library
247-->[androidx.window:window:1.0.0] AndroidManifest.xml:25:9-27:40
248            android:name="androidx.window.extensions"
248-->[androidx.window:window:1.0.0] AndroidManifest.xml:26:13-54
249            android:required="false" />
249-->[androidx.window:window:1.0.0] AndroidManifest.xml:27:13-37
250        <uses-library
250-->[androidx.window:window:1.0.0] AndroidManifest.xml:28:9-30:40
251            android:name="androidx.window.sidecar"
251-->[androidx.window:window:1.0.0] AndroidManifest.xml:29:13-51
252            android:required="false" />
252-->[androidx.window:window:1.0.0] AndroidManifest.xml:30:13-37
253        <uses-library
253-->[androidx.privacysandbox.ads:ads-adservices:1.0.0-beta05] AndroidManifest.xml:23:9-25:40
254            android:name="android.ext.adservices"
254-->[androidx.privacysandbox.ads:ads-adservices:1.0.0-beta05] AndroidManifest.xml:24:13-50
255            android:required="false" />
255-->[androidx.privacysandbox.ads:ads-adservices:1.0.0-beta05] AndroidManifest.xml:25:13-37
256
257        <meta-data
257-->[com.google.android.gms:play-services-basement:18.3.0] AndroidManifest.xml:21:9-23:69
258            android:name="com.google.android.gms.version"
258-->[com.google.android.gms:play-services-basement:18.3.0] AndroidManifest.xml:22:13-58
259            android:value="@integer/google_play_services_version" />
259-->[com.google.android.gms:play-services-basement:18.3.0] AndroidManifest.xml:23:13-66
260
261        <receiver
261-->[androidx.profileinstaller:profileinstaller:1.3.1] AndroidManifest.xml:34:9-52:20